<?xml version="1.0" encoding="UTF-8"?>
<!-- Generated by org.testng.reporters.JUnitReportReporter -->
<testsuite skipped="0" hostname="DESKTOP-K092JRV" name="TestNG_Package.TestNgDataProviderDemo" tests="2" failures="0" timestamp="07 Jan 2018 18:32:25 GMT" time="0.054" errors="0">
  <testcase name="testLogin" time="0.005" classname="TestNG_Package.TestNgDataProviderDemo"/>
  <testcase name="testLogin" time="0.049" classname="TestNG_Package.TestNgDataProviderDemo"/>
</testsuite> <!-- TestNG_Package.TestNgDataProviderDemo -->
