<?xml version="1.0" encoding="UTF-8"?>
<!-- Generated by org.testng.reporters.JUnitReportReporter -->
<testsuite skipped="0" hostname="DESKTOP-K092JRV" name="ExtentReports.ExtentReportsDemo" tests="1" failures="0" timestamp="23 Feb 2022 17:35:00 GMT" time="1.878" errors="0">
  <testcase name="LoginTest" time="1.878" classname="ExtentReports.ExtentReportsDemo"/>
</testsuite> <!-- ExtentReports.ExtentReportsDemo -->
