<?xml version="1.0" encoding="UTF-8"?>
<!-- Generated by org.testng.reporters.JUnitReportReporter -->
<testsuite skipped="0" hostname="DESKTOP-K092JRV" name="TestNG_Package.BaseTestNgClass" tests="1" failures="0" timestamp="25 Dec 2018 05:40:28 GMT" time="0.014" errors="0">
  <testcase name="f" time="0.014" classname="TestNG_Package.BaseTestNgClass"/>
</testsuite> <!-- TestNG_Package.BaseTestNgClass -->
