<?xml version="1.0" encoding="UTF-8"?>
<!-- Generated by org.testng.reporters.JUnitReportReporter -->
<testsuite skipped="0" hostname="DESKTOP-K092JRV" name="TestNG_Package.AllAnnotations" tests="1" failures="0" timestamp="12 Dec 2017 15:32:11 GMT" time="0.005" errors="0">
  <testcase name="f" time="0.005" classname="TestNG_Package.AllAnnotations"/>
</testsuite> <!-- TestNG_Package.AllAnnotations -->
