<?xml version="1.0" encoding="UTF-8"?>
<!-- Generated by org.testng.reporters.JUnitReportReporter -->
<testsuite skipped="1" hostname="DESKTOP-K092JRV" name="TestNG_Package.DemoA" tests="2" failures="0" timestamp="07 Jan 2018 06:56:55 GMT" time="0.057" errors="0">
  <testcase name="createUser" time="0.057" classname="TestNG_Package.DemoA"/>
  <testcase name="editUser" classname="TestNG_Package.DemoA">
    <skipped/>
  </testcase> <!-- editUser -->
</testsuite> <!-- TestNG_Package.DemoA -->
