<?xml version="1.0" encoding="UTF-8"?>
<!-- Generated by org.testng.reporters.JUnitReportReporter -->
<testsuite skipped="0" hostname="DESKTOP-K092JRV" name="TestNG_Package.TestA" tests="2" failures="0" timestamp="25 Sep 2022 07:47:04 GMT" time="0.018" errors="0">
  <testcase name="SecondMethod" time="0.003" classname="TestNG_Package.TestA"/>
  <testcase name="FirstMethod" time="0.015" classname="TestNG_Package.TestA"/>
</testsuite> <!-- TestNG_Package.TestA -->
