<?xml version="1.0" encoding="UTF-8"?>
<!-- Generated by org.testng.reporters.JUnitReportReporter -->
<testsuite skipped="0" hostname="DESKTOP-K092JRV" name="DataDrivenFramework.FbLogin" tests="3" failures="0" timestamp="18 Jul 2018 19:29:28 GMT" time="71.828" errors="0">
  <testcase name="LoginToFb" time="41.003" classname="DataDrivenFramework.FbLogin"/>
  <testcase name="LoginToFb" time="21.183" classname="DataDrivenFramework.FbLogin"/>
  <testcase name="LoginToFb" time="9.642" classname="DataDrivenFramework.FbLogin"/>
</testsuite> <!-- DataDrivenFramework.FbLogin -->
