<?xml version="1.0" encoding="UTF-8"?>
<!-- Generated by org.testng.reporters.JUnitReportReporter -->
<testsuite skipped="0" hostname="DESKTOP-K092JRV" name="TestNG_Package.DataParameterisationUsingExcelFile" tests="1" failures="0" timestamp="25 Dec 2018 05:54:36 GMT" time="1.176" errors="0">
  <testcase name="takeDataFromExcel" time="1.176" classname="TestNG_Package.DataParameterisationUsingExcelFile"/>
</testsuite> <!-- TestNG_Package.DataParameterisationUsingExcelFile -->
