<?xml version="1.0" encoding="UTF-8"?>
<!-- Generated by org.testng.reporters.JUnitReportReporter -->
<testsuite skipped="0" hostname="DESKTOP-K092JRV" name="TestNG_Package.TestParameter_TestNg" tests="1" failures="0" timestamp="17 Dec 2017 19:44:51 GMT" time="0.010" errors="0">
  <testcase name="testParameter" time="0.010" classname="TestNG_Package.TestParameter_TestNg"/>
</testsuite> <!-- TestNG_Package.TestParameter_TestNg -->
