<?xml version="1.0" encoding="UTF-8"?>
<!-- Generated by org.testng.reporters.JUnitReportReporter -->
<testsuite skipped="0" hostname="DESKTOP-K092JRV" name="TestNG_Package.TestB" tests="2" failures="0" timestamp="14 Dec 2017 14:11:09 GMT" time="0.000" errors="0">
  <testcase name="f" time="0.000" classname="TestNG_Package.TestB"/>
  <testcase name="testB" time="0.000" classname="TestNG_Package.TestB"/>
</testsuite> <!-- TestNG_Package.TestB -->
