<?xml version="1.0" encoding="UTF-8"?>
<!-- Generated by org.testng.reporters.JUnitReportReporter -->
<testsuite skipped="0" hostname="DESKTOP-K092JRV" name="TestNG_Package.FbLogin" tests="3" failures="0" timestamp="15 Jul 2018 07:22:00 GMT" time="40.681" errors="0">
  <testcase name="LoginToFb" time="20.571" classname="TestNG_Package.FbLogin"/>
  <testcase name="LoginToFb" time="12.344" classname="TestNG_Package.FbLogin"/>
  <testcase name="LoginToFb" time="7.766" classname="TestNG_Package.FbLogin"/>
</testsuite> <!-- TestNG_Package.FbLogin -->
